<?xml version="1.0" encoding="UTF-8"?>
<!-- Generated by org.testng.reporters.JUnitXMLReporter -->
<testsuite hostname="NADRA" ignored="0" name="Default test" tests="9" failures="0" timestamp="10 Oct 2017 00:21:35 GMT" time="0.068" errors="0">
  <testcase name="givenEastWhenMoveForwardThenXIncreases" time="0.006" classname="com.sn.test.ng.ShipTest"/>
  <testcase name="givenNorthWhenMoveForwardThenYDecreases" time="0.001" classname="com.sn.test.ng.ShipTest"/>
  <testcase name="whenInstantiatedThenLocationISet" time="0.002" classname="com.sn.test.ng.ShipTest"/>
  <testcase name="whenMoveBackwardThenBackward" time="0.001" classname="com.sn.test.ng.ShipTest"/>
  <testcase name="whenMoveForwardTenForward" time="0.003" classname="com.sn.test.ng.ShipTest"/>
  <testcase name="whenReceiveCommandFThenForward" time="0.001" classname="com.sn.test.ng.ShipTest"/>
  <testcase name="whenReceiveCommandsAllAreExecuted" time="0.002" classname="com.sn.test.ng.ShipTest"/>
  <testcase name="whenTurnLeftThenLeft" time="0.002" classname="com.sn.test.ng.ShipTest"/>
  <testcase name="whenTurnRightThenRight" time="0.001" classname="com.sn.test.ng.ShipTest"/>
</testsuite> <!-- Default test -->
